<?xml version="1.0" encoding="UTF-8"?>
<!-- Generated by org.testng.reporters.JUnitXMLReporter -->
<testsuite hostname="Lenovo" name="Command line test" tests="26" failures="0" timestamp="9 Mar 2016 16:34:03 GMT" time="4.835" errors="0">
  <testcase name="buildCriteriaQuery" time="0.041" classname="org.books.persistence.BookDAOTest"/>
  <testcase name="testCreate" time="0.452" classname="org.books.persistence.BookDAOTest"/>
  <testcase name="testCreate" time="0.013" classname="org.books.persistence.CustomerDAOTest"/>
  <testcase name="testFindMaxNumber" time="0.017" classname="org.books.persistence.CustomerDAOTest"/>
  <testcase name="testCreate" time="0.006" classname="org.books.persistence.LoginDAOTest"/>
  <testcase name="testCreate" time="0.044" classname="org.books.persistence.OrderDAOTest"/>
  <testcase name="testFindMaxNumber" time="0.006" classname="org.books.persistence.OrderDAOTest"/>
  <testcase name="testPlaceOrder" time="0.031" classname="org.books.persistence.OrderDAOTest"/>
  <testcase name="testPlaceOrderNoBook" time="0.006" classname="org.books.persistence.OrderDAOTest"/>
  <testcase name="testPlaceOrderNoCustomer" time="0.001" classname="org.books.persistence.OrderDAOTest"/>
  <testcase name="find" time="0.006" classname="org.books.persistence.BookDAOTest"/>
  <testcase name="searchByNameToken" time="0.011" classname="org.books.persistence.CustomerDAOTest"/>
  <testcase name="testFind" time="0.007" classname="org.books.persistence.LoginDAOTest"/>
  <testcase name="testSearch" time="0.02" classname="org.books.persistence.OrderDAOTest"/>
  <testcase name="testUpdate" time="0.01" classname="org.books.persistence.BookDAOTest"/>
  <testcase name="find" time="0.01" classname="org.books.persistence.CustomerDAOTest"/>
  <testcase name="uniqueEmailTest" time="0.008" classname="org.books.persistence.CustomerDAOTest"/>
  <testcase name="testUpdate" time="0.008" classname="org.books.persistence.LoginDAOTest"/>
  <testcase name="testSearchNumber" time="0.017" classname="org.books.persistence.OrderDAOTest"/>
  <testcase name="testDelete" time="0.011" classname="org.books.persistence.BookDAOTest"/>
  <testcase name="testUpdate" time="0.012" classname="org.books.persistence.CustomerDAOTest"/>
  <testcase name="findByNumber" time="0.003" classname="org.books.persistence.CustomerDAOTest"/>
  <testcase name="testDelete" time="0.011" classname="org.books.persistence.LoginDAOTest"/>
  <testcase name="testUpdate" time="0.018" classname="org.books.persistence.OrderDAOTest"/>
  <testcase name="testDelete" time="0.007" classname="org.books.persistence.CustomerDAOTest"/>
  <testcase name="testDelete" time="0.019" classname="org.books.persistence.OrderDAOTest"/>
</testsuite> <!-- Command line test -->
